{
  "0 debug pnpm:scope": {
    "selected": 1
  },
  "1 info pnpm": {
    "err": {
      "name": "Error",
      "message": "Command failed with ENOENT: proto:darwin:build\nspawn proto:darwin:build ENOENT",
      "code": "ENOENT",
      "stack": "Error: Command failed with ENOENT: proto:darwin:build\nspawn proto:darwin:build ENOENT\n    at Process.ChildProcess._handle.onexit (internal/child_process.js:269:19)\n    at onErrorNT (internal/child_process.js:465:16)\n    at processTicksAndRejections (internal/process/task_queues.js:80:21)"
    }
  },
  "2 error pnpm": {
    "errno": -2,
    "code": "ERR_PNPM_RECURSIVE_EXEC_FIRST_FAIL",
    "syscall": "spawn proto:darwin:build",
    "path": "proto:darwin:build",
    "spawnargs": [],
    "originalMessage": "spawn proto:darwin:build ENOENT",
    "shortMessage": "Command failed with ENOENT: proto:darwin:build\nspawn proto:darwin:build ENOENT",
    "command": "proto:darwin:build",
    "escapedCommand": "\"proto:darwin:build\"",
    "failed": true,
    "timedOut": false,
    "isCanceled": false,
    "killed": false,
    "prefix": "/Users/krhougs/Codes/runtime-bridge/src/vendor/proto",
    "err": {
      "name": "Error",
      "message": "Command failed with ENOENT: proto:darwin:build\nspawn proto:darwin:build ENOENT",
      "code": "ERR_PNPM_RECURSIVE_EXEC_FIRST_FAIL",
      "stack": "Error: Command failed with ENOENT: proto:darwin:build\nspawn proto:darwin:build ENOENT\n    at Process.ChildProcess._handle.onexit (internal/child_process.js:269:19)\n    at onErrorNT (internal/child_process.js:465:16)\n    at processTicksAndRejections (internal/process/task_queues.js:80:21)"
    }
  }
}